<?xml version="1.0" encoding="UTF-8"?>
<testsuite name="NumericMatrixProcessorTest" tests="1" skipped="0" failures="1" errors="0" timestamp="2023-05-13T22:07:18" hostname="Jessies-iMac.local" time="0.142">
  <properties/>
  <testcase name="start" classname="NumericMatrixProcessorTest" time="0.142">
    <failure message="java.lang.AssertionError: Wrong answer in test #6&#10;&#10;Can't check the answer&#10;&#10;Please find below the output of your program during this failed test.&#10;Note that the '&gt;' character indicates the beginning of the input line.&#10;&#10;---&#10;&#10;1. Add matrices&#10;2. Multiply matrix by a constant&#10;3. Multiply matrices&#10;0. Exit&#10;Your choice: &gt; &#10;&gt; 3&#10;Enter size of first matrix: &gt; &#10;&gt; 2 3&#10;Enter first matrix:&#10;&gt; 1 0 17&#10;&gt; 15 19 7&#10;Enter size of second matrix: &gt; &#10;&gt; 3 4&#10;Enter second matrix:&#10;&gt; 5 6 78 9&#10;&gt; 29 31 47 1&#10;&gt; 14 17 0 3&#10;The operation cannot be performed.&#10;1. Add matrices&#10;2. Multiply matrix by a constant&#10;3. Multiply matrices&#10;0. Exit&#10;Your choice: &gt; &#10;&gt; 0" type="java.lang.AssertionError">java.lang.AssertionError: Wrong answer in test #6

Can't check the answer

Please find below the output of your program during this failed test.
Note that the '&gt;' character indicates the beginning of the input line.

---

1. Add matrices
2. Multiply matrix by a constant
3. Multiply matrices
0. Exit
Your choice: &gt; 
&gt; 3
Enter size of first matrix: &gt; 
&gt; 2 3
Enter first matrix:
&gt; 1 0 17
&gt; 15 19 7
Enter size of second matrix: &gt; 
&gt; 3 4
Enter second matrix:
&gt; 5 6 78 9
&gt; 29 31 47 1
&gt; 14 17 0 3
The operation cannot be performed.
1. Add matrices
2. Multiply matrix by a constant
3. Multiply matrices
0. Exit
Your choice: &gt; 
&gt; 0
	at org.junit.Assert.fail(Assert.java:89)
	at org.hyperskill.hstest.stage.StageTest.start(StageTest.java:203)
	at java.base/jdk.internal.reflect.NativeMethodAccessorImpl.invoke0(Native Method)
	at java.base/jdk.internal.reflect.NativeMethodAccessorImpl.invoke(NativeMethodAccessorImpl.java:77)
	at java.base/jdk.internal.reflect.DelegatingMethodAccessorImpl.invoke(DelegatingMethodAccessorImpl.java:43)
	at java.base/java.lang.reflect.Method.invoke(Method.java:568)
	at org.junit.runners.model.FrameworkMethod$1.runReflectiveCall(FrameworkMethod.java:59)
	at org.junit.internal.runners.model.ReflectiveCallable.run(ReflectiveCallable.java:12)
	at org.junit.runners.model.FrameworkMethod.invokeExplosively(FrameworkMethod.java:56)
	at org.junit.internal.runners.statements.InvokeMethod.evaluate(InvokeMethod.java:17)
	at org.junit.runners.ParentRunner$3.evaluate(ParentRunner.java:306)
	at org.junit.runners.BlockJUnit4ClassRunner$1.evaluate(BlockJUnit4ClassRunner.java:100)
	at org.junit.runners.ParentRunner.runLeaf(ParentRunner.java:366)
	at org.junit.runners.BlockJUnit4ClassRunner.runChild(BlockJUnit4ClassRunner.java:103)
	at org.junit.runners.BlockJUnit4ClassRunner.runChild(BlockJUnit4ClassRunner.java:63)
	at org.junit.runners.ParentRunner$4.run(ParentRunner.java:331)
	at org.junit.runners.ParentRunner$1.schedule(ParentRunner.java:79)
	at org.junit.runners.ParentRunner.runChildren(ParentRunner.java:329)
	at org.junit.runners.ParentRunner.access$100(ParentRunner.java:66)
	at org.junit.runners.ParentRunner$2.evaluate(ParentRunner.java:293)
	at org.junit.runners.ParentRunner$3.evaluate(ParentRunner.java:306)
	at org.junit.runners.ParentRunner.run(ParentRunner.java:413)
	at org.gradle.api.internal.tasks.testing.junit.JUnitTestClassExecutor.runTestClass(JUnitTestClassExecutor.java:110)
	at org.gradle.api.internal.tasks.testing.junit.JUnitTestClassExecutor.execute(JUnitTestClassExecutor.java:58)
	at org.gradle.api.internal.tasks.testing.junit.JUnitTestClassExecutor.execute(JUnitTestClassExecutor.java:38)
	at org.gradle.api.internal.tasks.testing.junit.AbstractJUnitTestClassProcessor.processTestClass(AbstractJUnitTestClassProcessor.java:62)
	at org.gradle.api.internal.tasks.testing.SuiteTestClassProcessor.processTestClass(SuiteTestClassProcessor.java:51)
	at java.base/jdk.internal.reflect.NativeMethodAccessorImpl.invoke0(Native Method)
	at java.base/jdk.internal.reflect.NativeMethodAccessorImpl.invoke(NativeMethodAccessorImpl.java:77)
	at java.base/jdk.internal.reflect.DelegatingMethodAccessorImpl.invoke(DelegatingMethodAccessorImpl.java:43)
	at java.base/java.lang.reflect.Method.invoke(Method.java:568)
	at org.gradle.internal.dispatch.ReflectionDispatch.dispatch(ReflectionDispatch.java:36)
	at org.gradle.internal.dispatch.ReflectionDispatch.dispatch(ReflectionDispatch.java:24)
	at org.gradle.internal.dispatch.ContextClassLoaderDispatch.dispatch(ContextClassLoaderDispatch.java:33)
	at org.gradle.internal.dispatch.ProxyDispatchAdapter$DispatchingInvocationHandler.invoke(ProxyDispatchAdapter.java:94)
	at jdk.proxy1/jdk.proxy1.$Proxy2.processTestClass(Unknown Source)
	at org.gradle.api.internal.tasks.testing.worker.TestWorker$2.run(TestWorker.java:176)
	at org.gradle.api.internal.tasks.testing.worker.TestWorker.executeAndMaintainThreadName(TestWorker.java:129)
	at org.gradle.api.internal.tasks.testing.worker.TestWorker.execute(TestWorker.java:100)
	at org.gradle.api.internal.tasks.testing.worker.TestWorker.execute(TestWorker.java:60)
	at org.gradle.process.internal.worker.child.ActionExecutionWorker.execute(ActionExecutionWorker.java:56)
	at org.gradle.process.internal.worker.child.SystemApplicationClassLoaderWorker.call(SystemApplicationClassLoaderWorker.java:133)
	at org.gradle.process.internal.worker.child.SystemApplicationClassLoaderWorker.call(SystemApplicationClassLoaderWorker.java:71)
	at worker.org.gradle.process.internal.worker.GradleWorkerMain.run(GradleWorkerMain.java:69)
	at worker.org.gradle.process.internal.worker.GradleWorkerMain.main(GradleWorkerMain.java:74)
</failure>
  </testcase>
  <system-out><![CDATA[?[1;31m
Start test 1?[0m
1. Add matrices
2. Multiply matrix by a constant
3. Multiply matrices
0. Exit
Your choice: > 
> 1
Enter size of first matrix: > 
> 3 3
Enter first matrix:
> 3 4 55
> 4 1 1
> 9 0 0
Enter size of second matrix: > 
> 3 3
Enter second matrix:
> 4 9 77
> 13 22 44
> 56 57 78
The result is:
 
7.0 13.0 132.0 
17.0 23.0 45.0 
65.0 57.0 78.0 

1. Add matrices
2. Multiply matrix by a constant
3. Multiply matrices
0. Exit
Your choice: > 
> 0
?[1;31m
Start test 2?[0m
1. Add matrices
2. Multiply matrix by a constant
3. Multiply matrices
0. Exit
Your choice: > 
> 1
Enter size of first matrix: > 
> 4 4
Enter first matrix:
> -0.3 677.4 435.2 123.33
> 1.3 141.4 0.11 1411.4
> 231.33 113.4 99.9 999.9
> 1002.22 123.44 55.66 13.3
Enter size of second matrix: > 
> 4 4
Enter second matrix:
> 43.43 234.22 876.6 13.2
> -5.5 -0.3 -1.2 10.2
> -1.0 0.8 0.8 -9.5
> -45.5 45.5 56.5 13.7
The result is:
 
43.13 911.62 1311.8 136.53 
-4.2 141.1 -1.0899999999999999 1421.6000000000001 
230.33 114.2 100.7 990.4 
956.72 168.94 112.16 27.0 

1. Add matrices
2. Multiply matrix by a constant
3. Multiply matrices
0. Exit
Your choice: > 
> 0
?[1;31m
Start test 3?[0m
1. Add matrices
2. Multiply matrix by a constant
3. Multiply matrices
0. Exit
Your choice: > 
> 2
Enter size of  matrix: > 
> 3 3
Enter  matrix:
> 11 234 444
> 456 343 222
> 997 456 456
Enter constant: > > 17
The result is:
 
187.0 3978.0 7548.0 
7752.0 5831.0 3774.0 
16949.0 7752.0 7752.0 

1. Add matrices
2. Multiply matrix by a constant
3. Multiply matrices
0. Exit
Your choice: > 
> 0
?[1;31m
Start test 4?[0m
1. Add matrices
2. Multiply matrix by a constant
3. Multiply matrices
0. Exit
Your choice: > 
> 2
Enter size of  matrix: > 
> 4 4
Enter  matrix:
> 10123 53455 999345 21312
> 13559 77654 231221 34534
> 12312 23412 342342 525255
> 99713 88123 123123 121111
Enter constant: > > 111
The result is:
 
1123653.0 5933505.0 1.10927295E8 2365632.0 
1505049.0 8619594.0 2.5665531E7 3833274.0 
1366632.0 2598732.0 3.7999962E7 5.8303305E7 
1.1068143E7 9781653.0 1.3666653E7 1.3443321E7 

1. Add matrices
2. Multiply matrix by a constant
3. Multiply matrices
0. Exit
Your choice: > 
> 0
?[1;31m
Start test 5?[0m
1. Add matrices
2. Multiply matrix by a constant
3. Multiply matrices
0. Exit
Your choice: > 
> 3
Enter size of first matrix: > 
> 4 4
Enter first matrix:
> 1 2 2 7
> 3 3 4 5
> 5 0 0 1
> 0 1 0 8
Enter size of second matrix: > 
> 4 4
Enter second matrix:
> 9 8 7 13
> 15 14 0 1
> 3 7 2 3
> 0 9 0 35
The result is:
 
45.0 113.0 11.0 266.0 
84.0 139.0 29.0 229.0 
45.0 49.0 35.0 100.0 
15.0 86.0 0.0 281.0 

1. Add matrices
2. Multiply matrix by a constant
3. Multiply matrices
0. Exit
Your choice: > 
> 0
?[1;31m
Start test 6?[0m
1. Add matrices
2. Multiply matrix by a constant
3. Multiply matrices
0. Exit
Your choice: > 
> 3
Enter size of first matrix: > 
> 2 3
Enter first matrix:
> 1 0 17
> 15 19 7
Enter size of second matrix: > 
> 3 4
Enter second matrix:
> 5 6 78 9
> 29 31 47 1
> 14 17 0 3
The operation cannot be performed.
1. Add matrices
2. Multiply matrix by a constant
3. Multiply matrices
0. Exit
Your choice: > 
> 0
]]></system-out>
  <system-err><![CDATA[]]></system-err>
</testsuite>
